<?xml version="1.0" encoding="UTF-8"?>
<!-- Generated by org.testng.reporters.JUnitReportReporter -->
<testsuite skipped="0" hostname="A5991858" name="main.java.seleniumTest.courseTests.ManageCourseTest" tests="2" failures="0" timestamp="2020-12-13T23:47:21 IST" time="3.292" errors="0">
  <testcase name="testGoBackToCourses" time="1.496" classname="main.java.seleniumTest.courseTests.ManageCourseTest"/>
  <system-out/>
  <testcase name="testCreateCourse" time="1.796" classname="main.java.seleniumTest.courseTests.ManageCourseTest"/>
  <system-out/>
</testsuite> <!-- main.java.seleniumTest.courseTests.ManageCourseTest -->
