<?xml version="1.0" encoding="UTF-8"?>
<!-- Generated by org.testng.reporters.JUnitReportReporter -->
<testsuite skipped="0" hostname="A5991858" name="main.java.seleniumTest.courseTests.CoursesTest" tests="1" failures="0" timestamp="2020-12-13T23:47:21 IST" time="1.502" errors="0">
  <testcase name="testClickTitle" time="1.502" classname="main.java.seleniumTest.courseTests.CoursesTest"/>
  <system-out/>
</testsuite> <!-- main.java.seleniumTest.courseTests.CoursesTest -->
