<?xml version="1.0" encoding="UTF-8"?>
<!-- Generated by org.testng.reporters.JUnitReportReporter -->
<testsuite skipped="0" hostname="A5991858" name="main.java.seleniumTest.courseTests.CourseTest" tests="2" failures="0" timestamp="2020-12-13T16:37:57 IST" time="1.999" errors="0">
  <testcase name="testCreateCourse" time="1.191" classname="main.java.seleniumTest.courseTests.CourseTest"/>
  <system-out/>
  <testcase name="testGoBackToCourses" time="0.808" classname="main.java.seleniumTest.courseTests.CourseTest"/>
  <system-out/>
</testsuite> <!-- main.java.seleniumTest.courseTests.CourseTest -->
